2018-11-12T12:06:13.972Z warn: BOT RUNNING
2018-11-12T12:06:46.008Z: BOT RUNNING
2018-11-12T12:07:25.862Z BOT STATUS: RUNNING
2018-11-12T12:16:15.452Z BOT STATUS: RUNNING
2018-11-12T12:16:40.042Z BOT STATUS: RUNNING
2018-11-12T12:17:08.892Z BOT STATUS: RUNNING
2018-11-12T12:17:22.076Z BOT STATUS: RUNNING
2018-11-12T12:19:33.041Z BOT STATUS: RUNNING
2018-11-12T12:21:23.274Z BOT STATUS: RUNNING
2018-11-12T12:21:31.775Z BOT STATUS: RUNNING
2018-11-12T12:21:37.388Z BOT STATUS: RUNNING
2018-11-12T12:22:01.836Z BOT STATUS: RUNNING
2018-11-12T12:22:06.374Z BOT STATUS: RUNNING
2018-11-12T12:22:22.540Z BOT STATUS: RUNNING
2018-11-12T12:22:33.018Z info: BOT RUNNING
2018-11-12T12:22:38.450Z error: Cannot find module './users.json'
2018-11-12T12:23:06.784Z info: BOT RUNNING
2018-11-12T12:23:11.249Z info: Users updated: niklas (283858643)
2018-11-12T12:23:24.086Z info: [TELEGRAM>>DISCORD] Meesage from maythe4 to myspam
2018-11-12T12:31:56.249Z info: BOT RUNNING
2018-11-12T12:32:03.673Z error: jsonContent.length is not a function
2018-11-12T12:38:15.074Z info: BOT RUNNING
2018-11-12T12:38:19.570Z info: Telegram users listed
2018-11-12T12:40:15.952Z info: BOT RUNNING
2018-11-12T12:40:20.992Z info: Telegram users listed
2018-11-12T12:40:43.281Z info: BOT RUNNING
2018-11-12T12:40:46.408Z error: users.length is not a function
2018-11-12T12:41:05.663Z info: BOT RUNNING
2018-11-12T12:41:15.211Z info: Telegram users listed
2018-11-12T12:41:33.796Z info: BOT RUNNING
2018-11-12T12:41:35.554Z info: Telegram users listed
2018-11-12T12:41:38.325Z info: Telegram users listed
2018-11-12T12:41:40.015Z info: Telegram users listed
2018-11-12T12:41:50.510Z info: Users updated: moin (283858643)
2018-11-12T12:41:56.570Z info: Telegram users listed
2018-11-12T12:42:32.184Z info: BOT RUNNING
2018-11-12T12:42:34.738Z info: Telegram users listed
2018-11-12T12:42:39.379Z info: Users updated: moin (283858643)
2018-11-12T12:42:42.151Z info: Telegram users listed
2018-11-12T12:43:51.707Z info: Telegram users listed
2018-11-12T12:43:59.676Z info: BOT RUNNING
2018-11-12T12:44:00.913Z info: Telegram users listed
2018-11-12T12:48:33.928Z info: BOT RUNNING
2018-11-12T12:48:35.802Z info: Telegram users listed (users.json)
2018-11-12T12:48:47.872Z info: [DISCORD>>TELEGRAM] Message from <@261482078778949632> to undefined
